Using pre-set license
Built from '2020.3/release' branch; Version is '2020.3.34f1 (9a4c9c70452b) revision 10112156'; Using compiler version '192528614'; Build Type 'Release'
OS: 'Windows 10  (10.0.19044) 64bit Professional' Language: 'en' Physical Memory: 16342 MB
BatchMode: 1, IsHumanControllingUs: 0, StartBugReporterOnCrash: 0, Is64bit: 1, IsPro: 0

COMMAND LINE ARGUMENTS:
C:\Program Files\Unity\Hub\Editor\2020.3.34f1\Editor\Unity.exe
-adb2
-batchMode
-noUpm
-name
AssetImportWorker0
-projectPath
D:/Projeler/Kurslar/GoogleIleriSeviye/Fancy Car
-logFile
Logs/AssetImportWorker0.log
-srvPort
50181
Successfully changed project path to: D:/Projeler/Kurslar/GoogleIleriSeviye/Fancy Car
D:/Projeler/Kurslar/GoogleIleriSeviye/Fancy Car
Using Asset Import Pipeline V2.
Refreshing native plugins compatible for Editor in 43.16 ms, found 2 plugins.
Preloading 0 native plugins for Editor in 0.00 ms.
Initialize engine version: 2020.3.34f1 (9a4c9c70452b)
[Subsystems] Discovering subsystems at path C:/Program Files/Unity/Hub/Editor/2020.3.34f1/Editor/Data/Resources/UnitySubsystems
[Subsystems] Discovering subsystems at path D:/Projeler/Kurslar/GoogleIleriSeviye/Fancy Car/Assets
GfxDevice: creating device client; threaded=0
Direct3D:
    Version:  Direct3D 11.0 [level 11.1]
    Renderer: Radeon RX550/550 Series (ID=0x699f)
    Vendor:   
    VRAM:     4075 MB
    Driver:   31.0.12029.10015
Initialize mono
Mono path[0] = 'C:/Program Files/Unity/Hub/Editor/2020.3.34f1/Editor/Data/Managed'
Mono path[1] = 'C:/Program Files/Unity/Hub/Editor/2020.3.34f1/Editor/Data/MonoBleedingEdge/lib/mono/unityjit'
Mono config path = 'C:/Program Files/Unity/Hub/Editor/2020.3.34f1/Editor/Data/MonoBleedingEdge/etc'
Using monoOptions --debugger-agent=transport=dt_socket,embedding=1,server=y,suspend=n,address=127.0.0.1:56552
Begin MonoManager ReloadAssembly
Registering precompiled unity dll's ...
Register platform support module: C:/Program Files/Unity/Hub/Editor/2020.3.34f1/Editor/Data/PlaybackEngines/WindowsStandaloneSupport/UnityEditor.WindowsStandalone.Extensions.dll
Registered in 0.003026 seconds.
Native extension for WindowsStandalone target not found
Refreshing native plugins compatible for Editor in 49.69 ms, found 2 plugins.
Preloading 0 native plugins for Editor in 0.00 ms.
Mono: successfully reloaded assembly
- Completed reload, in  1.016 seconds
Domain Reload Profiling:
	ReloadAssembly (1016ms)
		BeginReloadAssembly (99ms)
			ExecutionOrderSort (0ms)
			DisableScriptedObjects (0ms)
			BackupInstance (0ms)
			ReleaseScriptingObjects (0ms)
			CreateAndSetChildDomain (2ms)
		EndReloadAssembly (794ms)
			LoadAssemblies (95ms)
			RebuildTransferFunctionScriptingTraits (0ms)
			SetupTypeCache (209ms)
			ReleaseScriptCaches (0ms)
			RebuildScriptCaches (61ms)
			SetupLoadedEditorAssemblies (344ms)
				LogAssemblyErrors (0ms)
				InitializePlatformSupportModulesInManaged (8ms)
				SetLoadedEditorAssemblies (0ms)
				RefreshPlugins (50ms)
				BeforeProcessingInitializeOnLoad (27ms)
				ProcessInitializeOnLoadAttributes (213ms)
				ProcessInitializeOnLoadMethodAttributes (46ms)
				AfterProcessingInitializeOnLoad (0ms)
				EditorAssembliesLoaded (0ms)
			ExecutionOrderSort2 (0ms)
			AwakeInstancesAfterBackupRestoration (0ms)
Platform modules already initialized, skipping
Registering precompiled user dll's ...
Registered in 0.002731 seconds.
Begin MonoManager ReloadAssembly
Native extension for WindowsStandalone target not found
Refreshing native plugins compatible for Editor in 0.43 ms, found 2 plugins.
Preloading 0 native plugins for Editor in 0.00 ms.
Mono: successfully reloaded assembly
- Completed reload, in  1.769 seconds
Domain Reload Profiling:
	ReloadAssembly (1770ms)
		BeginReloadAssembly (278ms)
			ExecutionOrderSort (0ms)
			DisableScriptedObjects (13ms)
			BackupInstance (0ms)
			ReleaseScriptingObjects (0ms)
			CreateAndSetChildDomain (30ms)
		EndReloadAssembly (1396ms)
			LoadAssemblies (130ms)
			RebuildTransferFunctionScriptingTraits (0ms)
			SetupTypeCache (402ms)
			ReleaseScriptCaches (1ms)
			RebuildScriptCaches (87ms)
			SetupLoadedEditorAssemblies (560ms)
				LogAssemblyErrors (0ms)
				InitializePlatformSupportModulesInManaged (8ms)
				SetLoadedEditorAssemblies (1ms)
				RefreshPlugins (1ms)
				BeforeProcessingInitializeOnLoad (131ms)
				ProcessInitializeOnLoadAttributes (385ms)
				ProcessInitializeOnLoadMethodAttributes (23ms)
				AfterProcessingInitializeOnLoad (10ms)
				EditorAssembliesLoaded (0ms)
			ExecutionOrderSort2 (0ms)
			AwakeInstancesAfterBackupRestoration (3ms)
Platform modules already initialized, skipping
========================================================================
Worker process is ready to serve import requests
Launched and connected shader compiler UnityShaderCompiler.exe after 0.04 seconds
Refreshing native plugins compatible for Editor in 0.52 ms, found 2 plugins.
Preloading 0 native plugins for Editor in 0.00 ms.
Unloading 1510 Unused Serialized files (Serialized files now loaded: 0)
System memory in use before: 68.7 MB.
System memory in use after: 68.8 MB.

Unloading 16 unused Assets to reduce memory usage. Loaded Objects now: 1946.
Total: 3.890400 ms (FindLiveObjects: 0.185100 ms CreateObjectMapping: 0.125300 ms MarkObjects: 3.484600 ms  DeleteObjects: 0.093500 ms)

AssetImportParameters requested are different than current active one (requested -> active):
  custom:framework-win-MediaFoundation: 216162199b28c13a410421893ffa2e32 -> 
  custom:video-decoder-ogg-theora: a1e56fd34408186e4bbccfd4996cb3dc -> 
  custom:container-muxer-webm: aa71ff27fc2769a1b78a27578f13a17b -> 
  custom:container-demuxer-webm: 4f35f7cbe854078d1ac9338744f61a02 -> 
  custom:container-demuxer-ogg: 62fdf1f143b41e24485cea50d1cbac27 -> 
  custom:video-encoder-webm-vp8: eb34c28f22e8b96e1ab97ce403110664 -> 
  custom:video-decoder-webm-vp8: 9c59270c3fd7afecdb556c50c9e8de78 -> 
  custom:audio-decoder-ogg-vorbis: bf7c407c2cedff20999df2af8eb42d56 -> 
  custom:audio-encoder-webm-vorbis: bf7c407c2cedff20999df2af8eb42d56 -> 
========================================================================
Received Import Request.
  path: Assets/Flintstones Car.fbx
  artifactKey: Guid(507cdc19cc692734a9b22c93c3b71547) Importer(815301076,1909f56bfc062723c751e8b465ee728b)
Start importing Assets/Flintstones Car.fbx using Guid(507cdc19cc692734a9b22c93c3b71547) Importer(815301076,1909f56bfc062723c751e8b465ee728b)  -> (artifact id: '0937128ed25cae3c0fc6004b265c617f') in 0.341284 seconds 
========================================================================
Received Import Request.
  Time since last request: 14.604374 seconds.
  path: Assets
  artifactKey: Guid(00000000000000001000000000000000) Importer(815301076,1909f56bfc062723c751e8b465ee728b)
Start importing Assets using Guid(00000000000000001000000000000000) Importer(815301076,1909f56bfc062723c751e8b465ee728b)  -> (artifact id: '42d402b061de3733987d63b9cc3b64de') in 0.001571 seconds 
========================================================================
Received Import Request.
  Time since last request: 13.060108 seconds.
  path: Assets/fintstonescar.mat
  artifactKey: Guid(18437eabc7452cc4bb5c2be4c7c06cb6) Importer(815301076,1909f56bfc062723c751e8b465ee728b)
Start importing Assets/fintstonescar.mat using Guid(18437eabc7452cc4bb5c2be4c7c06cb6) Importer(815301076,1909f56bfc062723c751e8b465ee728b)  -> (artifact id: 'a6d37b5c50eba08797424d44c3fcbcc0') in 0.017246 seconds 
========================================================================
Received Import Request.
  Time since last request: 2.701470 seconds.
  path: Assets/textures
  artifactKey: Guid(44fca7da1b3b4d44bbbb6b450cefb80a) Importer(815301076,1909f56bfc062723c751e8b465ee728b)
Start importing Assets/textures using Guid(44fca7da1b3b4d44bbbb6b450cefb80a) Importer(815301076,1909f56bfc062723c751e8b465ee728b)  -> (artifact id: '3d927261e4d86f6f47a9eb096e6dc8f0') in 0.001501 seconds 
========================================================================
Received Import Request.
  Time since last request: 0.054453 seconds.
  path: Assets/textures/LeatherParts_BaseColor.png
  artifactKey: Guid(ef5431d070ea8104ea3eb8d1c3652c22) Importer(815301076,1909f56bfc062723c751e8b465ee728b)
Start importing Assets/textures/LeatherParts_BaseColor.png using Guid(ef5431d070ea8104ea3eb8d1c3652c22) Importer(815301076,1909f56bfc062723c751e8b465ee728b)  -> (artifact id: '155b3ebf543f9a0dc4768a64b35e09e6') in 0.035758 seconds 
========================================================================
Received Import Request.
  Time since last request: 0.000223 seconds.
  path: Assets/textures/LeatherParts_Metallic.png
  artifactKey: Guid(044af90b6f3ad8048b18ebfb5fbaf3b7) Importer(815301076,1909f56bfc062723c751e8b465ee728b)
Start importing Assets/textures/LeatherParts_Metallic.png using Guid(044af90b6f3ad8048b18ebfb5fbaf3b7) Importer(815301076,1909f56bfc062723c751e8b465ee728b)  -> (artifact id: 'fa0854a8b03ae1bc73f1dab1964781eb') in 0.012095 seconds 
========================================================================
Received Import Request.
  Time since last request: 0.000262 seconds.
  path: Assets/textures/Wheels_Normal.png
  artifactKey: Guid(1cb5c19c5f09058418e85ab2797b9465) Importer(815301076,1909f56bfc062723c751e8b465ee728b)
Start importing Assets/textures/Wheels_Normal.png using Guid(1cb5c19c5f09058418e85ab2797b9465) Importer(815301076,1909f56bfc062723c751e8b465ee728b)  -> (artifact id: '517691987fb08799c0c11fbfae672a4a') in 0.013220 seconds 
========================================================================
Received Import Request.
  Time since last request: 0.000309 seconds.
  path: Assets/textures/WoodCarBase_BaseColor.png
  artifactKey: Guid(bb9c7c9b0d6396247a3cabf11821257b) Importer(815301076,1909f56bfc062723c751e8b465ee728b)
Start importing Assets/textures/WoodCarBase_BaseColor.png using Guid(bb9c7c9b0d6396247a3cabf11821257b) Importer(815301076,1909f56bfc062723c751e8b465ee728b)  -> (artifact id: 'f96a0ca5c9a05d53c55c0528fcbd6d39') in 0.010133 seconds 
========================================================================
Received Import Request.
  Time since last request: 0.000253 seconds.
  path: Assets/textures/RockParts_Normal.png
  artifactKey: Guid(571dc6b1d43f9c64ab50fa8454c1079d) Importer(815301076,1909f56bfc062723c751e8b465ee728b)
Start importing Assets/textures/RockParts_Normal.png using Guid(571dc6b1d43f9c64ab50fa8454c1079d) Importer(815301076,1909f56bfc062723c751e8b465ee728b)  -> (artifact id: '8af22a3815d6f60c0e164a13e8e61fa3') in 0.009574 seconds 
========================================================================
Received Import Request.
  Time since last request: 0.000253 seconds.
  path: Assets/textures/WoodCarBase_Roughness.png
  artifactKey: Guid(a769a5b5217293446b7c8cdc3efae99e) Importer(815301076,1909f56bfc062723c751e8b465ee728b)
Start importing Assets/textures/WoodCarBase_Roughness.png using Guid(a769a5b5217293446b7c8cdc3efae99e) Importer(815301076,1909f56bfc062723c751e8b465ee728b)  -> (artifact id: '42755401ab3de3824ba72b18d1b61941') in 0.009972 seconds 
========================================================================
Received Import Request.
  Time since last request: 0.000261 seconds.
  path: Assets/textures/LeatherParts_Roughness.png
  artifactKey: Guid(bda2a960f84b3a946b5a8985bd3e87d3) Importer(815301076,1909f56bfc062723c751e8b465ee728b)
Start importing Assets/textures/LeatherParts_Roughness.png using Guid(bda2a960f84b3a946b5a8985bd3e87d3) Importer(815301076,1909f56bfc062723c751e8b465ee728b)  -> (artifact id: '08fc0232f6113eb5f32364bbb779c35c') in 0.009408 seconds 
========================================================================
Received Import Request.
  Time since last request: 0.000226 seconds.
  path: Assets/textures/RockParts_Roughness.png
  artifactKey: Guid(3e31737f3eb8b104da1318391dc158c3) Importer(815301076,1909f56bfc062723c751e8b465ee728b)
Start importing Assets/textures/RockParts_Roughness.png using Guid(3e31737f3eb8b104da1318391dc158c3) Importer(815301076,1909f56bfc062723c751e8b465ee728b)  -> (artifact id: '0496b1289106f43b2f912b3a92fc5157') in 0.011308 seconds 
========================================================================
Received Import Request.
  Time since last request: 0.000100 seconds.
  path: Assets/textures/Wheels_Roughness.png
  artifactKey: Guid(844540969b942384ba6eb4eac5af29ed) Importer(815301076,1909f56bfc062723c751e8b465ee728b)
Start importing Assets/textures/Wheels_Roughness.png using Guid(844540969b942384ba6eb4eac5af29ed) Importer(815301076,1909f56bfc062723c751e8b465ee728b)  -> (artifact id: '8327d8c49dc6f0f723b67ba82e6ca3c1') in 0.010882 seconds 
========================================================================
Received Import Request.
  Time since last request: 0.000265 seconds.
  path: Assets/textures/WoodCarBase_Metallic.png
  artifactKey: Guid(5bb99a58570accb47b6de7f2874f5a63) Importer(815301076,1909f56bfc062723c751e8b465ee728b)
Start importing Assets/textures/WoodCarBase_Metallic.png using Guid(5bb99a58570accb47b6de7f2874f5a63) Importer(815301076,1909f56bfc062723c751e8b465ee728b)  -> (artifact id: 'd10362202d05a2301a9f4e0b1e8503ee') in 0.014202 seconds 
========================================================================
Received Import Request.
  Time since last request: 0.000234 seconds.
  path: Assets/textures/RockParts_Metallic.png
  artifactKey: Guid(d550ab0979fb27146bbfc26c0bef1e9b) Importer(815301076,1909f56bfc062723c751e8b465ee728b)
Start importing Assets/textures/RockParts_Metallic.png using Guid(d550ab0979fb27146bbfc26c0bef1e9b) Importer(815301076,1909f56bfc062723c751e8b465ee728b)  -> (artifact id: '4efd7997af018ade15c040e0d06a990d') in 0.009441 seconds 
========================================================================
Received Import Request.
  Time since last request: 0.000234 seconds.
  path: Assets/textures/Wheels_BaseColor.png
  artifactKey: Guid(b01cf4b70e861134d8c208f650037006) Importer(815301076,1909f56bfc062723c751e8b465ee728b)
Start importing Assets/textures/Wheels_BaseColor.png using Guid(b01cf4b70e861134d8c208f650037006) Importer(815301076,1909f56bfc062723c751e8b465ee728b)  -> (artifact id: '2bc91e2d0e3319473ed32b94cd58258b') in 0.011275 seconds 
========================================================================
Received Import Request.
  Time since last request: 0.000233 seconds.
  path: Assets/textures/RockParts_BaseColor.png
  artifactKey: Guid(c304f14afa022cd4c8e5ab71f0974077) Importer(815301076,1909f56bfc062723c751e8b465ee728b)
Start importing Assets/textures/RockParts_BaseColor.png using Guid(c304f14afa022cd4c8e5ab71f0974077) Importer(815301076,1909f56bfc062723c751e8b465ee728b)  -> (artifact id: 'bd161fbeae5150e2936d2e86beb9e8c0') in 0.009530 seconds 
========================================================================
Received Import Request.
  Time since last request: 0.000290 seconds.
  path: Assets/textures/LeatherParts_Normal.png
  artifactKey: Guid(9a9566a0132ee2647a1de8f33cf79c0b) Importer(815301076,1909f56bfc062723c751e8b465ee728b)
Start importing Assets/textures/LeatherParts_Normal.png using Guid(9a9566a0132ee2647a1de8f33cf79c0b) Importer(815301076,1909f56bfc062723c751e8b465ee728b)  -> (artifact id: 'f9c3406772ca5128eabdadcd02521617') in 0.012548 seconds 
========================================================================
Received Import Request.
  Time since last request: 0.000374 seconds.
  path: Assets/textures/Wheels_Metallic.png
  artifactKey: Guid(c21c0d7b819e9404e80483e00fe91b3a) Importer(815301076,1909f56bfc062723c751e8b465ee728b)
Start importing Assets/textures/Wheels_Metallic.png using Guid(c21c0d7b819e9404e80483e00fe91b3a) Importer(815301076,1909f56bfc062723c751e8b465ee728b)  -> (artifact id: '23c225bd49c3e609a7ae56bda682fd1c') in 0.011682 seconds 
========================================================================
Received Import Request.
  Time since last request: 0.000220 seconds.
  path: Assets/textures/WoodCarBase_Normal.png
  artifactKey: Guid(f9d60224cceb663438d4026031a68657) Importer(815301076,1909f56bfc062723c751e8b465ee728b)
Start importing Assets/textures/WoodCarBase_Normal.png using Guid(f9d60224cceb663438d4026031a68657) Importer(815301076,1909f56bfc062723c751e8b465ee728b)  -> (artifact id: 'b6fb35510bb395c6eac0748ac0043d9a') in 0.010659 seconds 
========================================================================
Received Import Request.
  Time since last request: 130.328000 seconds.
  path: Assets/Models
  artifactKey: Guid(88cb2a26d072a2740a582dba4898b2ee) Importer(815301076,1909f56bfc062723c751e8b465ee728b)
Start importing Assets/Models using Guid(88cb2a26d072a2740a582dba4898b2ee) Importer(815301076,1909f56bfc062723c751e8b465ee728b)  -> (artifact id: 'a959c71cf78b7513b351601cd7e7ed3f') in 0.001457 seconds 
========================================================================
Received Import Request.
  Time since last request: 8.074218 seconds.
  path: Assets/Models/FlintStonesCar
  artifactKey: Guid(d1839a4ebcf877d478924d2aa168ada0) Importer(815301076,1909f56bfc062723c751e8b465ee728b)
Start importing Assets/Models/FlintStonesCar using Guid(d1839a4ebcf877d478924d2aa168ada0) Importer(815301076,1909f56bfc062723c751e8b465ee728b)  -> (artifact id: 'c8f47e032bb9cdcf34efb27af562b3c4') in 0.001906 seconds 
========================================================================
Received Import Request.
  Time since last request: 19.315178 seconds.
  path: Assets/Scripts
  artifactKey: Guid(0b34ab9837e9d3e4498c04d4ee932591) Importer(815301076,1909f56bfc062723c751e8b465ee728b)
Start importing Assets/Scripts using Guid(0b34ab9837e9d3e4498c04d4ee932591) Importer(815301076,1909f56bfc062723c751e8b465ee728b)  -> (artifact id: 'ce44de2aec5fd7eef6170431b278484c') in 0.001303 seconds 
========================================================================
Received Import Request.
  Time since last request: 15.265251 seconds.
  path: Assets/Scripts/PlayerController.cs
  artifactKey: Guid(eb4c04ab4c1d9de48bacdc52d8e0d166) Importer(815301076,1909f56bfc062723c751e8b465ee728b)
Start importing Assets/Scripts/PlayerController.cs using Guid(eb4c04ab4c1d9de48bacdc52d8e0d166) Importer(815301076,1909f56bfc062723c751e8b465ee728b)  -> (artifact id: 'fcf0718aded0db18131e83e9ee78b099') in 0.009441 seconds 
========================================================================
Received Prepare
Registering precompiled user dll's ...
Registered in 0.002128 seconds.
Begin MonoManager ReloadAssembly
Native extension for WindowsStandalone target not found
Refreshing native plugins compatible for Editor in 0.41 ms, found 2 plugins.
Preloading 0 native plugins for Editor in 0.00 ms.
Mono: successfully reloaded assembly
- Completed reload, in  1.460 seconds
Domain Reload Profiling:
	ReloadAssembly (1460ms)
		BeginReloadAssembly (211ms)
			ExecutionOrderSort (0ms)
			DisableScriptedObjects (6ms)
			BackupInstance (0ms)
			ReleaseScriptingObjects (0ms)
			CreateAndSetChildDomain (44ms)
		EndReloadAssembly (1134ms)
			LoadAssemblies (190ms)
			RebuildTransferFunctionScriptingTraits (0ms)
			SetupTypeCache (395ms)
			ReleaseScriptCaches (1ms)
			RebuildScriptCaches (68ms)
			SetupLoadedEditorAssemblies (420ms)
				LogAssemblyErrors (0ms)
				InitializePlatformSupportModulesInManaged (7ms)
				SetLoadedEditorAssemblies (1ms)
				RefreshPlugins (0ms)
				BeforeProcessingInitializeOnLoad (106ms)
				ProcessInitializeOnLoadAttributes (276ms)
				ProcessInitializeOnLoadMethodAttributes (21ms)
				AfterProcessingInitializeOnLoad (9ms)
				EditorAssembliesLoaded (0ms)
			ExecutionOrderSort2 (0ms)
			AwakeInstancesAfterBackupRestoration (3ms)
Platform modules already initialized, skipping
Refreshing native plugins compatible for Editor in 0.41 ms, found 2 plugins.
Preloading 0 native plugins for Editor in 0.00 ms.
Unloading 1505 Unused Serialized files (Serialized files now loaded: 0)
System memory in use before: 72.0 MB.
System memory in use after: 72.1 MB.

Unloading 11 unused Assets to reduce memory usage. Loaded Objects now: 1994.
Total: 3.499900 ms (FindLiveObjects: 0.179000 ms CreateObjectMapping: 0.120700 ms MarkObjects: 3.158500 ms  DeleteObjects: 0.040600 ms)

AssetImportParameters requested are different than current active one (requested -> active):
  custom:framework-win-MediaFoundation: 216162199b28c13a410421893ffa2e32 -> 
  custom:video-decoder-ogg-theora: a1e56fd34408186e4bbccfd4996cb3dc -> 
  custom:container-muxer-webm: aa71ff27fc2769a1b78a27578f13a17b -> 
  custom:container-demuxer-webm: 4f35f7cbe854078d1ac9338744f61a02 -> 
  custom:container-demuxer-ogg: 62fdf1f143b41e24485cea50d1cbac27 -> 
  custom:video-encoder-webm-vp8: eb34c28f22e8b96e1ab97ce403110664 -> 
  custom:video-decoder-webm-vp8: 9c59270c3fd7afecdb556c50c9e8de78 -> 
  custom:audio-decoder-ogg-vorbis: bf7c407c2cedff20999df2af8eb42d56 -> 
  custom:audio-encoder-webm-vorbis: bf7c407c2cedff20999df2af8eb42d56 -> 
========================================================================
Received Prepare
Registering precompiled user dll's ...
Registered in 0.002187 seconds.
Begin MonoManager ReloadAssembly
Native extension for WindowsStandalone target not found
Refreshing native plugins compatible for Editor in 0.43 ms, found 2 plugins.
Preloading 0 native plugins for Editor in 0.00 ms.
Mono: successfully reloaded assembly
- Completed reload, in  1.431 seconds
Domain Reload Profiling:
	ReloadAssembly (1432ms)
		BeginReloadAssembly (149ms)
			ExecutionOrderSort (0ms)
			DisableScriptedObjects (7ms)
			BackupInstance (0ms)
			ReleaseScriptingObjects (0ms)
			CreateAndSetChildDomain (45ms)
		EndReloadAssembly (1189ms)
			LoadAssemblies (132ms)
			RebuildTransferFunctionScriptingTraits (0ms)
			SetupTypeCache (413ms)
			ReleaseScriptCaches (1ms)
			RebuildScriptCaches (76ms)
			SetupLoadedEditorAssemblies (450ms)
				LogAssemblyErrors (0ms)
				InitializePlatformSupportModulesInManaged (7ms)
				SetLoadedEditorAssemblies (1ms)
				RefreshPlugins (1ms)
				BeforeProcessingInitializeOnLoad (109ms)
				ProcessInitializeOnLoadAttributes (304ms)
				ProcessInitializeOnLoadMethodAttributes (20ms)
				AfterProcessingInitializeOnLoad (9ms)
				EditorAssembliesLoaded (1ms)
			ExecutionOrderSort2 (0ms)
			AwakeInstancesAfterBackupRestoration (3ms)
Platform modules already initialized, skipping
Refreshing native plugins compatible for Editor in 0.42 ms, found 2 plugins.
Preloading 0 native plugins for Editor in 0.00 ms.
Unloading 1505 Unused Serialized files (Serialized files now loaded: 0)
System memory in use before: 72.1 MB.
System memory in use after: 72.2 MB.

Unloading 11 unused Assets to reduce memory usage. Loaded Objects now: 1997.
Total: 3.707600 ms (FindLiveObjects: 0.237600 ms CreateObjectMapping: 0.157400 ms MarkObjects: 3.287700 ms  DeleteObjects: 0.023800 ms)

AssetImportParameters requested are different than current active one (requested -> active):
  custom:framework-win-MediaFoundation: 216162199b28c13a410421893ffa2e32 -> 
  custom:video-decoder-ogg-theora: a1e56fd34408186e4bbccfd4996cb3dc -> 
  custom:container-muxer-webm: aa71ff27fc2769a1b78a27578f13a17b -> 
  custom:container-demuxer-webm: 4f35f7cbe854078d1ac9338744f61a02 -> 
  custom:container-demuxer-ogg: 62fdf1f143b41e24485cea50d1cbac27 -> 
  custom:video-encoder-webm-vp8: eb34c28f22e8b96e1ab97ce403110664 -> 
  custom:video-decoder-webm-vp8: 9c59270c3fd7afecdb556c50c9e8de78 -> 
  custom:audio-decoder-ogg-vorbis: bf7c407c2cedff20999df2af8eb42d56 -> 
  custom:audio-encoder-webm-vorbis: bf7c407c2cedff20999df2af8eb42d56 -> 
========================================================================
Received Prepare
Registering precompiled user dll's ...
Registered in 0.002175 seconds.
Begin MonoManager ReloadAssembly
Native extension for WindowsStandalone target not found
Refreshing native plugins compatible for Editor in 0.42 ms, found 2 plugins.
Preloading 0 native plugins for Editor in 0.00 ms.
Mono: successfully reloaded assembly
- Completed reload, in  1.374 seconds
Domain Reload Profiling:
	ReloadAssembly (1375ms)
		BeginReloadAssembly (156ms)
			ExecutionOrderSort (0ms)
			DisableScriptedObjects (7ms)
			BackupInstance (0ms)
			ReleaseScriptingObjects (0ms)
			CreateAndSetChildDomain (43ms)
		EndReloadAssembly (1126ms)
			LoadAssemblies (134ms)
			RebuildTransferFunctionScriptingTraits (0ms)
			SetupTypeCache (355ms)
			ReleaseScriptCaches (1ms)
			RebuildScriptCaches (77ms)
			SetupLoadedEditorAssemblies (451ms)
				LogAssemblyErrors (0ms)
				InitializePlatformSupportModulesInManaged (7ms)
				SetLoadedEditorAssemblies (1ms)
				RefreshPlugins (0ms)
				BeforeProcessingInitializeOnLoad (114ms)
				ProcessInitializeOnLoadAttributes (298ms)
				ProcessInitializeOnLoadMethodAttributes (21ms)
				AfterProcessingInitializeOnLoad (10ms)
				EditorAssembliesLoaded (0ms)
			ExecutionOrderSort2 (0ms)
			AwakeInstancesAfterBackupRestoration (3ms)
Platform modules already initialized, skipping
Refreshing native plugins compatible for Editor in 0.45 ms, found 2 plugins.
Preloading 0 native plugins for Editor in 0.00 ms.
Unloading 1505 Unused Serialized files (Serialized files now loaded: 0)
System memory in use before: 72.1 MB.
System memory in use after: 72.2 MB.

Unloading 11 unused Assets to reduce memory usage. Loaded Objects now: 2000.
Total: 3.375200 ms (FindLiveObjects: 0.174700 ms CreateObjectMapping: 0.117800 ms MarkObjects: 3.051600 ms  DeleteObjects: 0.029800 ms)

AssetImportParameters requested are different than current active one (requested -> active):
  custom:framework-win-MediaFoundation: 216162199b28c13a410421893ffa2e32 -> 
  custom:video-decoder-ogg-theora: a1e56fd34408186e4bbccfd4996cb3dc -> 
  custom:container-muxer-webm: aa71ff27fc2769a1b78a27578f13a17b -> 
  custom:container-demuxer-webm: 4f35f7cbe854078d1ac9338744f61a02 -> 
  custom:container-demuxer-ogg: 62fdf1f143b41e24485cea50d1cbac27 -> 
  custom:video-encoder-webm-vp8: eb34c28f22e8b96e1ab97ce403110664 -> 
  custom:video-decoder-webm-vp8: 9c59270c3fd7afecdb556c50c9e8de78 -> 
  custom:audio-decoder-ogg-vorbis: bf7c407c2cedff20999df2af8eb42d56 -> 
  custom:audio-encoder-webm-vorbis: bf7c407c2cedff20999df2af8eb42d56 -> 
========================================================================
Received Prepare
Registering precompiled user dll's ...
Registered in 0.002504 seconds.
Begin MonoManager ReloadAssembly
Native extension for WindowsStandalone target not found
Refreshing native plugins compatible for Editor in 0.98 ms, found 2 plugins.
Preloading 0 native plugins for Editor in 0.00 ms.
Mono: successfully reloaded assembly
- Completed reload, in  1.758 seconds
Domain Reload Profiling:
	ReloadAssembly (1758ms)
		BeginReloadAssembly (229ms)
			ExecutionOrderSort (0ms)
			DisableScriptedObjects (7ms)
			BackupInstance (0ms)
			ReleaseScriptingObjects (0ms)
			CreateAndSetChildDomain (63ms)
		EndReloadAssembly (1442ms)
			LoadAssemblies (185ms)
			RebuildTransferFunctionScriptingTraits (0ms)
			SetupTypeCache (371ms)
			ReleaseScriptCaches (1ms)
			RebuildScriptCaches (68ms)
			SetupLoadedEditorAssemblies (726ms)
				LogAssemblyErrors (0ms)
				InitializePlatformSupportModulesInManaged (8ms)
				SetLoadedEditorAssemblies (1ms)
				RefreshPlugins (1ms)
				BeforeProcessingInitializeOnLoad (115ms)
				ProcessInitializeOnLoadAttributes (382ms)
				ProcessInitializeOnLoadMethodAttributes (22ms)
				AfterProcessingInitializeOnLoad (196ms)
				EditorAssembliesLoaded (0ms)
			ExecutionOrderSort2 (0ms)
			AwakeInstancesAfterBackupRestoration (9ms)
Platform modules already initialized, skipping
Refreshing native plugins compatible for Editor in 0.46 ms, found 2 plugins.
Preloading 0 native plugins for Editor in 0.00 ms.
Unloading 1505 Unused Serialized files (Serialized files now loaded: 0)
System memory in use before: 72.1 MB.
System memory in use after: 72.2 MB.

Unloading 11 unused Assets to reduce memory usage. Loaded Objects now: 2003.
Total: 4.315500 ms (FindLiveObjects: 0.230800 ms CreateObjectMapping: 0.171900 ms MarkObjects: 3.882500 ms  DeleteObjects: 0.028300 ms)

AssetImportParameters requested are different than current active one (requested -> active):
  custom:framework-win-MediaFoundation: 216162199b28c13a410421893ffa2e32 -> 
  custom:video-decoder-ogg-theora: a1e56fd34408186e4bbccfd4996cb3dc -> 
  custom:container-muxer-webm: aa71ff27fc2769a1b78a27578f13a17b -> 
  custom:container-demuxer-webm: 4f35f7cbe854078d1ac9338744f61a02 -> 
  custom:container-demuxer-ogg: 62fdf1f143b41e24485cea50d1cbac27 -> 
  custom:video-encoder-webm-vp8: eb34c28f22e8b96e1ab97ce403110664 -> 
  custom:video-decoder-webm-vp8: 9c59270c3fd7afecdb556c50c9e8de78 -> 
  custom:audio-decoder-ogg-vorbis: bf7c407c2cedff20999df2af8eb42d56 -> 
  custom:audio-encoder-webm-vorbis: bf7c407c2cedff20999df2af8eb42d56 -> 
AssetImportWorkerClient::OnTransportError - code=2 error=End of file
